c:\users\情愿孤独\desktop\instantmessage\instantmessage\debug\instantmessage.pch
c:\users\情愿孤独\desktop\instantmessage\instantmessage\debug\stdafx.obj
c:\users\情愿孤独\desktop\instantmessage\instantmessage\debug\vc100.pdb
c:\users\情愿孤独\desktop\instantmessage\instantmessage\debug\imcomm.obj
c:\users\情愿孤独\desktop\instantmessage\instantmessage\debug\instantmessage.obj
c:\users\情愿孤独\desktop\instantmessage\instantmessage\debug\im_send_file.obj
c:\users\情愿孤独\desktop\instantmessage\instantmessage\debug\instantmessage.ilk
c:\users\情愿孤独\desktop\instantmessage\instantmessage\debug\instantmessage.exe
c:\users\情愿孤独\desktop\instantmessage\instantmessage\debug\instantmessage.exe.intermediate.manifest
c:\users\情愿孤独\desktop\instantmessage\instantmessage\debug\instantmessage.pdb
c:\users\情愿孤独\desktop\instantmessage\instantmessage\debug\instantmessage.exe.embed.manifest
c:\users\情愿孤独\desktop\instantmessage\instantmessage\debug\instantmessage.res
c:\users\情愿孤独\desktop\instantmessage\instantmessage\debug\instantmessage.exe.embed.manifest.res
d:\skywalker\visual studio 2015\priactice 3\instantmessage\instantmessage\debug\instantmessage.pch
d:\skywalker\visual studio 2015\priactice 3\instantmessage\instantmessage\debug\vc140.pdb
d:\skywalker\visual studio 2015\priactice 3\instantmessage\instantmessage\debug\vc140.idb
d:\skywalker\visual studio 2015\priactice 3\instantmessage\instantmessage\debug\stdafx.obj
d:\skywalker\visual studio 2015\priactice 3\instantmessage\instantmessage\debug\imcomm.obj
d:\skywalker\visual studio 2015\priactice 3\instantmessage\instantmessage\debug\instantmessage.obj
c:\users\skywalker\desktop\instantmessage\instantmessage\debug\instantmessage.pch
c:\users\skywalker\desktop\instantmessage\instantmessage\debug\vc140.pdb
c:\users\skywalker\desktop\instantmessage\instantmessage\debug\vc140.idb
c:\users\skywalker\desktop\instantmessage\instantmessage\debug\stdafx.obj
c:\users\skywalker\desktop\instantmessage\instantmessage\debug\imcomm.obj
c:\users\skywalker\desktop\instantmessage\instantmessage\debug\im_send_file.obj
c:\users\skywalker\desktop\instantmessage\instantmessage\debug\instantmessage.obj
d:\skywalker\visual studio 2015\priactice 3\instantmessage\debug\instantmessage.ilk
d:\skywalker\visual studio 2015\priactice 3\instantmessage\debug\instantmessage.exe
d:\skywalker\visual studio 2015\priactice 3\instantmessage\debug\instantmessage.pdb
d:\skywalker\visual studio 2015\priactice 3\instantmessage\instantmessage\debug\instantmessage.res
c:\users\skywalker\desktop\instantmessage\instantmessage\debug\instantmessage.res
c:\users\skywalker\desktop\instantmessage\instantmessage\debug\instantmessage.vcxprojresolveassemblyreference.cache
c:\users\skywalker\desktop\instantmessage\instantmessage\debug\instantmessage.ilk
c:\users\skywalker\desktop\instantmessage\instantmessage\debug\cl.command.1.tlog
c:\users\skywalker\desktop\instantmessage\instantmessage\debug\cl.read.1.tlog
c:\users\skywalker\desktop\instantmessage\instantmessage\debug\cl.write.1.tlog
c:\users\skywalker\desktop\instantmessage\instantmessage\debug\instantmessage.write.1.tlog
c:\users\skywalker\desktop\instantmessage\instantmessage\debug\link-cvtres.read.1.tlog
c:\users\skywalker\desktop\instantmessage\instantmessage\debug\link-cvtres.write.1.tlog
c:\users\skywalker\desktop\instantmessage\instantmessage\debug\link.19864-cvtres.read.1.tlog
c:\users\skywalker\desktop\instantmessage\instantmessage\debug\link.19864-cvtres.write.1.tlog
c:\users\skywalker\desktop\instantmessage\instantmessage\debug\link.19864.read.1.tlog
c:\users\skywalker\desktop\instantmessage\instantmessage\debug\link.19864.write.1.tlog
c:\users\skywalker\desktop\instantmessage\instantmessage\debug\link.25580-cvtres.read.1.tlog
c:\users\skywalker\desktop\instantmessage\instantmessage\debug\link.25580-cvtres.write.1.tlog
c:\users\skywalker\desktop\instantmessage\instantmessage\debug\link.25580.read.1.tlog
c:\users\skywalker\desktop\instantmessage\instantmessage\debug\link.25580.write.1.tlog
c:\users\skywalker\desktop\instantmessage\instantmessage\debug\link.command.1.tlog
c:\users\skywalker\desktop\instantmessage\instantmessage\debug\link.read.1.tlog
c:\users\skywalker\desktop\instantmessage\instantmessage\debug\link.write.1.tlog
c:\users\skywalker\desktop\instantmessage\instantmessage\debug\mt.command.1.tlog
c:\users\skywalker\desktop\instantmessage\instantmessage\debug\mt.read.1.tlog
c:\users\skywalker\desktop\instantmessage\instantmessage\debug\mt.write.1.tlog
c:\users\skywalker\desktop\instantmessage\instantmessage\debug\rc.command.1.tlog
c:\users\skywalker\desktop\instantmessage\instantmessage\debug\rc.read.1.tlog
c:\users\skywalker\desktop\instantmessage\instantmessage\debug\rc.write.1.tlog
c:\users\skywalker\desktop\instantmessage\instantmessage\debug\instantmessage.exe.embed.manifest
c:\users\skywalker\desktop\instantmessage\instantmessage\debug\instantmessage.exe.intermediate.manifest
c:\users\skywalker\desktop\instantmessage\instantmessage\debug\instantmessage.exe.embed.manifest.res
c:\users\skywalker\desktop\instantmessage\instantmessage\debug\vc100.idb
c:\users\skywalker\desktop\instantmessage\instantmessage\debug\instantmessage.pdb
c:\users\skywalker\desktop\instantmessage\instantmessage\debug\vc100.pdb
c:\users\skywalker\desktop\instantmessage\instantmessage\debug\instantmessage_manifest.rc
c:\users\skywalker\desktop\instantmessage\debug\instantmessage.pdb
c:\users\skywalker\desktop\instantmessage\instantmessage\debug\instantmessage.tlog\cl.command.1.tlog
c:\users\skywalker\desktop\instantmessage\instantmessage\debug\instantmessage.tlog\cl.read.1.tlog
c:\users\skywalker\desktop\instantmessage\instantmessage\debug\instantmessage.tlog\cl.write.1.tlog
c:\users\skywalker\desktop\instantmessage\instantmessage\debug\instantmessage.tlog\link.command.1.tlog
c:\users\skywalker\desktop\instantmessage\instantmessage\debug\instantmessage.tlog\link.read.1.tlog
c:\users\skywalker\desktop\instantmessage\instantmessage\debug\instantmessage.tlog\link.write.1.tlog
c:\users\skywalker\desktop\instantmessage\instantmessage\debug\instantmessage.tlog\rc.command.1.tlog
c:\users\skywalker\desktop\instantmessage\instantmessage\debug\instantmessage.tlog\rc.read.1.tlog
c:\users\skywalker\desktop\instantmessage\instantmessage\debug\instantmessage.tlog\rc.write.1.tlog
