生成启动时间为 2017/3/6 0:13:14。
     1>项目“C:\Users\情愿孤独\Desktop\综合创作训练3\submit\14011405_2014303430_付荣亮_实验五\InstantMessage\InstantMessage\InstantMessage.vcxproj”在节点 2 上(build 个目标)。
       项目文件包含 ToolsVersion="14.0"。此工具集可能未知或缺失。在这种情况下，通过安装 MSBuild 的正确版本，或许可以解决此问题。否则，该 build 可能已因策略原因而被强制为某个特定 ToolsVersion。将该项目视为其已具有 ToolsVersion="4.0"。有关详细信息，请参阅 http://go.microsoft.com/fwlink/?LinkId=291333。
     1>InitializeBuildStatus:
         正在创建“Debug\InstantMessage.unsuccessfulbuild”，因为已指定“AlwaysCreate”。
       ClCompile:
         所有输出均为最新。
         d:\Program Files\Microsoft Visual Studio 10.0\VC\bin\CL.exe /c /ZI /nologo /W3 /WX- /Od /Oy- /D WIN32 /D _DEBUG /D _WINDOWS /D _UNICODE /D UNICODE /Gm /EHsc /RTC1 /MDd /GS /fp:precise /Zc:wchar_t /Zc:forScope /Yu"StdAfx.h" /Fp"Debug\InstantMessage.pch" /Fo"Debug\\" /Fd"Debug\vc100.pdb" /Gd /TP /analyze- /errorReport:prompt InstantMessage.cpp
         InstantMessage.cpp
     1>c:\users\情愿孤独\desktop\综合创作训练3\submit\14011405_2014303430_付荣亮_实验五\instantmessage\instantmessage\instantmessage.cpp(245): warning C4101: “port”: 未引用的局部变量
     1>c:\users\情愿孤独\desktop\综合创作训练3\submit\14011405_2014303430_付荣亮_实验五\instantmessage\instantmessage\instantmessage.cpp(246): warning C4101: “dest_addr”: 未引用的局部变量
     1>c:\users\情愿孤独\desktop\综合创作训练3\submit\14011405_2014303430_付荣亮_实验五\instantmessage\instantmessage\instantmessage.cpp(244): warning C4101: “ip”: 未引用的局部变量
     1>c:\users\情愿孤独\desktop\综合创作训练3\submit\14011405_2014303430_付荣亮_实验五\instantmessage\instantmessage\instantmessage.cpp(409): warning C4996: 'sprintf': This function or variable may be unsafe. Consider using sprintf_s instead. To disable deprecation, use _CRT_SECURE_NO_WARNINGS. See online help for details.
                 d:\program files\microsoft visual studio 10.0\vc\include\stdio.h(371) : 参见“sprintf”的声明
     1>c:\users\情愿孤独\desktop\综合创作训练3\submit\14011405_2014303430_付荣亮_实验五\instantmessage\instantmessage\instantmessage.cpp(434): warning C4996: 'sprintf': This function or variable may be unsafe. Consider using sprintf_s instead. To disable deprecation, use _CRT_SECURE_NO_WARNINGS. See online help for details.
                 d:\program files\microsoft visual studio 10.0\vc\include\stdio.h(371) : 参见“sprintf”的声明
       ResourceCompile:
         所有输出均为最新。
       ManifestResourceCompile:
         所有输出均为最新。
       Link:
         d:\Program Files\Microsoft Visual Studio 10.0\VC\bin\link.exe /ERRORREPORT:PROMPT /OUT:"C:\Users\情愿孤独\Desktop\综合创作训练3\submit\14011405_2014303430_付荣亮_实验五\InstantMessage\InstantMessage\Debug\InstantMessage.exe" /INCREMENTAL /NOLOGO kernel32.lib user32.lib gdi32.lib winspool.lib comdlg32.lib advapi32.lib shell32.lib ole32.lib oleaut32.lib uuid.lib odbc32.lib odbccp32.lib /MANIFEST /ManifestFile:"Debug\InstantMessage.exe.intermediate.manifest" /MANIFESTUAC:"level='asInvoker' uiAccess='false'" /DEBUG /PDB:"C:\Users\情愿孤独\Desktop\综合创作训练3\submit\14011405_2014303430_付荣亮_实验五\InstantMessage\InstantMessage\Debug\InstantMessage.pdb" /SUBSYSTEM:WINDOWS /TLBID:1 /DYNAMICBASE /NXCOMPAT /IMPLIB:"C:\Users\情愿孤独\Desktop\综合创作训练3\submit\14011405_2014303430_付荣亮_实验五\InstantMessage\InstantMessage\Debug\InstantMessage.lib" /MACHINE:X86 Debug\InstantMessage.res
         Debug\InstantMessage.exe.embed.manifest.res
         Debug\IMComm.obj
         Debug\im_send_file.obj
         Debug\InstantMessage.obj
         Debug\stdafx.obj
       Manifest:
         C:\Program Files (x86)\Microsoft SDKs\Windows\v7.0A\bin\mt.exe /nologo /verbose /out:"Debug\InstantMessage.exe.embed.manifest" /manifest Debug\InstantMessage.exe.intermediate.manifest
         所有输出均为最新。
       LinkEmbedManifest:
         所有输出均为最新。
         InstantMessage.vcxproj -> C:\Users\情愿孤独\Desktop\综合创作训练3\submit\14011405_2014303430_付荣亮_实验五\InstantMessage\InstantMessage\Debug\InstantMessage.exe
       FinalizeBuildStatus:
         正在删除文件“Debug\InstantMessage.unsuccessfulbuild”。
         正在对“Debug\InstantMessage.lastbuildstate”执行 Touch 任务。
     1>已完成生成项目“C:\Users\情愿孤独\Desktop\综合创作训练3\submit\14011405_2014303430_付荣亮_实验五\InstantMessage\InstantMessage\InstantMessage.vcxproj”(build 个目标)的操作。

生成成功。

已用时间 00:00:00.86
